<!DOCTYPE html PUBLIC "-//W3C//DTD XHTML 1.1//EN" "http://www.w3.org/TR/xhtml11/DTD/xhtml11.dtd">
<html xmlns="http://www.w3.org/1999/xhtml"><head><title>TestNG Report</title><style type="text/css">table {margin-bottom:10px;border-collapse:collapse;empty-cells:show}th,td {border:1px solid #009;padding:.25em .5em}th {vertical-align:bottom}td {vertical-align:top}table a {font-weight:bold}.stripe td {background-color: #E6EBF9}.num {text-align:right}.passedodd td {background-color: #3F3}.passedeven td {background-color: #0A0}.skippedodd td {background-color: #DDD}.skippedeven td {background-color: #CCC}.failedodd td,.attn {background-color: #F33}.failedeven td,.stripe .attn {background-color: #D00}.stacktrace {white-space:pre;font-family:monospace}.totop {font-size:85%;text-align:center;border-bottom:2px solid #000}</style></head><body><table><tr><th>Test</th><th># Passed</th><th># Skipped</th><th># Failed</th><th>Time (ms)</th><th>Included Groups</th><th>Excluded Groups</th></tr><tr><th colspan="7">Default suite</th></tr><tr><td><a href="#t0">Default test</a></td><td class="num">0</td><td class="num">0</td><td class="num attn">2</td><td class="num">70,734</td><td></td><td></td></tr></table><table><thead><tr><th>Class</th><th>Method</th><th>Start</th><th>Time (ms)</th></tr></thead><tbody><tr><th colspan="4">Default suite</th></tr></tbody><tbody id="t0"><tr><th colspan="4">Default test &#8212; failed</th></tr><tr class="failedeven"><td rowspan="2">webTests.promotionCreationTests.buyXGetXDealTests.BuyXGetXDealWithTimePeriodTests</td><td><a href="#m0">createPromotionForTransactionLevel</a></td><td rowspan="1">1493731204067</td><td rowspan="1">4221</td></tr><tr class="failedeven"><td><a href="#m1">dealCreationForTransactionLevelDiscount</a></td><td rowspan="1">1493731158825</td><td rowspan="1">45207</td></tr></tbody></table><h2>Default test</h2><h3 id="m0">webTests.promotionCreationTests.buyXGetXDealTests.BuyXGetXDealWithTimePeriodTests#createPromotionForTransactionLevel</h3><table class="result"><tr><th>Messages</th></tr><tr><td><div class="messages">++++++++++++++++++++Creating promotion started++++++++++++++++++++<br/>
</div></td></tr><tr><th>Exception</th></tr><tr><td><div class="stacktrace">org.openqa.selenium.ElementNotVisibleException: Element is not visible
Build info: version: &apos;unknown&apos;, revision: &apos;1969d75&apos;, time: &apos;2016-10-18 09:43:45 -0700&apos;
System info: host: &apos;User-PC&apos;, ip: &apos;192.168.179.1&apos;, os.name: &apos;Windows 10&apos;, os.arch: &apos;amd64&apos;, os.version: &apos;10.0&apos;, java.version: &apos;1.8.0_91&apos;
Driver info: org.openqa.selenium.firefox.FirefoxDriver
Capabilities [{rotatable=false, raisesAccessibilityExceptions=false, marionette=true, firefoxOptions={args=[], profile=UEsDBBQACAgIACCWokoAAAAAAAAAAAAAAAAHAAAAdXNlci5qc9VXS2/jNhC+91cUPm2BmEk23cv25CZZoEDQFEmD7MEAQVMjiTFFshzKj3/foR6xHcmSvbc9SaKGj5nvm2+GJYLnzkP6abLwdk1fDEUK1bsyGSuEXgsPDIxYaEgmF7+mQiP89scv5W5mIgLZOOtDnJKD0CGvvxkZrZQcmd/unIN24GfOIYvbbnGGS5ZaL+HkeQZW9EbTUKzgX3uncElzJwE24VLi6kI4p5UUQVlzuZkWCBsJ+mC0O7KZdsdWJmEFNj9UITK4dCZr3t4cZBfVlnkodP3mtFDmYIkC19YnhzsVenLoooFAVkuWh+CYyxXm22n87QTiVIPJQk7+ff7ypT8yHkRCjwQCyADJN+UxzAgmqWNIgy8/ImkLgnzDZe5tARylVy5wXxoeVBGn3Fz1bxTEAhkxxTyaW21xBLDEro22gkIoDAWMOJfb9WsO5pmIFEnUP93RoVzAuBkvbCL0CC1hFazVyMB7IpE1aPU+E7vuo8qMNRS1AooF+OfqE4d9QUAk7DBYShMPWFLcUjool15gfj5xrQPzTVX4/Ly0bR3UytQecVoMvBE6svVs9Ugjb59K0x/NNSwSryh8XEgJxNfSELRIfOcSfMBeqN+pqJB83EJyf331/Lel1IiR/73fmIaSR/OqDBEYr6+Yoo3sy9NDxEosbBm+LrQwy0k3qWqHuNCavyGP8XcxdP1n2zhFfCJbts5VAK0w0AL/lcofo3rk+VIF1shFm1bkXCT7YAC0IGAow4dzCWNilo7lJAuO1uZr0DJKROkjpJMj+L8nemo1CdEDedIlQKSGqXKIlY7YAMwQDun2hUzOLjili/vdD/oCsvQqbIlWGuiNYfBKBm69ypThzhKxt8OJa2BNIsQa5wegPzhovTKLg8/lolCVcPxTDc4q5p5WYHuXGfT4XasaFCOCZHlEy3dJS26uK7J3QbNpSnYwFXW11nbNF1ueQCpKHfrFtQ27RNeQ7cwqQTav7XF65nV5NEjpNmcowUjvg9+yur5U9p/HbE9qaDoeyFgbY6G7s2bE+/uXhxm7YWJHjG5I38RK1DV6sKx9hL9N4mHudn328Fa1EYOb1KkRlx+O0R5aogyxU4vGz5KIF1Xx+uqYyNerckO1ZwWcyqYZkfi93uSRWD16nIW2clmJ7kkgIwgv84ZyY3woWJ1QLCkLdxJo7xxKVFTDye3X+TwqI9aP+TxTYT5/gqjj36su5ImUohqBdmQ+v2tWwQ8gU/qelCwHrLQEg1dJf13pqOtHWb3p73DrFJm2ukJcDeVI69XYHtHMppUd72H3+ges2rdd/0DaWlZFqOvnXuQif/sPsZegti74Vav7l7mtu9HTkG/VI7WyxPE2OXreVH5eyXhCMJiMx7V+oC+faWqiqK0nbYyMGkkGamk1kznI5V1dC/6s/5zfVjCRJCrGTIwU2d6L649eWLXNsjjYXBcGy+qeZlQexxCRKi2Ujvw3KsuDPtJI7E1tdzxLDFqARA3O/ff749J2TP55m8d0JQh1PZrEG4+HDwHe9aPxgkR5SdeckYZ0J446xdLVrdmuVfwfUEsHCEQcz3iOBAAAdxAAAFBLAQIUABQACAgIACCWokpEHM94jgQAAHcQAAAHAAAAAAAAAAAAAAAAAAAAAAB1c2VyLmpzUEsFBgAAAAABAAEANQAAAMMEAAAAAA==}, appBuildId=20160315153207, version=, platform=XP, proxy={}, specificationLevel=1, acceptSslCerts=false, browserVersion=45.0.1, platformVersion=10.0, XULappId={ec8030f7-c20a-464f-9b0e-13a3a9e97384}, browserName=Firefox, takesScreenshot=true, takesElementScreenshot=true, platformName=Windows_NT, device=desktop}]
Session ID: be0bfa20-125b-442e-87f8-cba8d1012454
	at sun.reflect.NativeConstructorAccessorImpl.newInstance0(Native Method)
	at sun.reflect.NativeConstructorAccessorImpl.newInstance(Unknown Source)
	at sun.reflect.DelegatingConstructorAccessorImpl.newInstance(Unknown Source)
	at java.lang.reflect.Constructor.newInstance(Unknown Source)
	at org.openqa.selenium.remote.http.W3CHttpResponseCodec.createException(W3CHttpResponseCodec.java:127)
	at org.openqa.selenium.remote.http.W3CHttpResponseCodec.decode(W3CHttpResponseCodec.java:93)
	at org.openqa.selenium.remote.http.W3CHttpResponseCodec.decode(W3CHttpResponseCodec.java:42)
	at org.openqa.selenium.remote.HttpCommandExecutor.execute(HttpCommandExecutor.java:163)
	at org.openqa.selenium.remote.service.DriverCommandExecutor.execute(DriverCommandExecutor.java:82)
	at org.openqa.selenium.remote.RemoteWebDriver.execute(RemoteWebDriver.java:601)
	at org.openqa.selenium.remote.RemoteWebElement.execute(RemoteWebElement.java:274)
	at org.openqa.selenium.remote.RemoteWebElement.click(RemoteWebElement.java:84)
	at sun.reflect.NativeMethodAccessorImpl.invoke0(Native Method)
	at sun.reflect.NativeMethodAccessorImpl.invoke(Unknown Source)
	at sun.reflect.DelegatingMethodAccessorImpl.invoke(Unknown Source)
	at java.lang.reflect.Method.invoke(Unknown Source)
	at org.openqa.selenium.support.pagefactory.internal.LocatingElementHandler.invoke(LocatingElementHandler.java:51)
	at com.sun.proxy.$Proxy7.click(Unknown Source)
	at pageObjectLib.promotionCreation.PromotionAndDealForItemAndTransactionLevel.clickOnNext(PromotionAndDealForItemAndTransactionLevel.java:402)
	at pageAction.promotionCreationMethods.CreatePromotionMethods.createPromotions(CreatePromotionMethods.java:64)
	at webTests.promotionCreationTests.buyXGetXDealTests.BuyXGetXDealWithTimePeriodTests.createPromotionForTransactionLevel(BuyXGetXDealWithTimePeriodTests.java:55)
	at sun.reflect.NativeMethodAccessorImpl.invoke0(Native Method)
	at sun.reflect.NativeMethodAccessorImpl.invoke(Unknown Source)
	at sun.reflect.DelegatingMethodAccessorImpl.invoke(Unknown Source)
	at java.lang.reflect.Method.invoke(Unknown Source)
	at org.testng.internal.MethodInvocationHelper.invokeMethod(MethodInvocationHelper.java:104)
	at org.testng.internal.Invoker.invokeMethod(Invoker.java:645)
	at org.testng.internal.Invoker.invokeTestMethod(Invoker.java:851)
	at org.testng.internal.Invoker.invokeTestMethods(Invoker.java:1177)
	at org.testng.internal.TestMethodWorker.invokeTestMethods(TestMethodWorker.java:129)
	at org.testng.internal.TestMethodWorker.run(TestMethodWorker.java:112)
	at org.testng.TestRunner.privateRun(TestRunner.java:756)
	at org.testng.TestRunner.run(TestRunner.java:610)
	at org.testng.SuiteRunner.runTest(SuiteRunner.java:387)
	at org.testng.SuiteRunner.runSequentially(SuiteRunner.java:382)
	at org.testng.SuiteRunner.privateRun(SuiteRunner.java:340)
	at org.testng.SuiteRunner.run(SuiteRunner.java:289)
	at org.testng.SuiteRunnerWorker.runSuite(SuiteRunnerWorker.java:52)
	at org.testng.SuiteRunnerWorker.run(SuiteRunnerWorker.java:86)
	at org.testng.TestNG.runSuitesSequentially(TestNG.java:1293)
	at org.testng.TestNG.runSuitesLocally(TestNG.java:1218)
	at org.testng.TestNG.runSuites(TestNG.java:1133)
	at org.testng.TestNG.run(TestNG.java:1104)
	at org.testng.remote.AbstractRemoteTestNG.run(AbstractRemoteTestNG.java:132)
	at org.testng.remote.RemoteTestNG.initAndRun(RemoteTestNG.java:236)
	at org.testng.remote.RemoteTestNG.main(RemoteTestNG.java:81)
</div></td></tr></table><p class="totop"><a href="#summary">back to summary</a></p><h3 id="m1">webTests.promotionCreationTests.buyXGetXDealTests.BuyXGetXDealWithTimePeriodTests#dealCreationForTransactionLevelDiscount</h3><table class="result"><tr><th>Messages</th></tr><tr><td><div class="messages">++++++++++++++++++++Creating deal started++++++++++++++++++++<br/>
</div></td></tr><tr><th>Exception</th></tr><tr><td><div class="stacktrace">org.openqa.selenium.NoSuchElementException: Unable to locate element: .//*[@id=&apos;main&apos;]//a[contains(text(),&apos;New Set&apos;)]
For documentation on this error, please visit: http://seleniumhq.org/exceptions/no_such_element.html
Build info: version: &apos;unknown&apos;, revision: &apos;1969d75&apos;, time: &apos;2016-10-18 09:43:45 -0700&apos;
System info: host: &apos;User-PC&apos;, ip: &apos;192.168.179.1&apos;, os.name: &apos;Windows 10&apos;, os.arch: &apos;amd64&apos;, os.version: &apos;10.0&apos;, java.version: &apos;1.8.0_91&apos;
Driver info: org.openqa.selenium.firefox.FirefoxDriver
Capabilities [{rotatable=false, raisesAccessibilityExceptions=false, marionette=true, firefoxOptions={args=[], profile=UEsDBBQACAgIACCWokoAAAAAAAAAAAAAAAAHAAAAdXNlci5qc9VXS2/jNhC+91cUPm2BmEk23cv25CZZoEDQFEmD7MEAQVMjiTFFshzKj3/foR6xHcmSvbc9SaKGj5nvm2+GJYLnzkP6abLwdk1fDEUK1bsyGSuEXgsPDIxYaEgmF7+mQiP89scv5W5mIgLZOOtDnJKD0CGvvxkZrZQcmd/unIN24GfOIYvbbnGGS5ZaL+HkeQZW9EbTUKzgX3uncElzJwE24VLi6kI4p5UUQVlzuZkWCBsJ+mC0O7KZdsdWJmEFNj9UITK4dCZr3t4cZBfVlnkodP3mtFDmYIkC19YnhzsVenLoooFAVkuWh+CYyxXm22n87QTiVIPJQk7+ff7ypT8yHkRCjwQCyADJN+UxzAgmqWNIgy8/ImkLgnzDZe5tARylVy5wXxoeVBGn3Fz1bxTEAhkxxTyaW21xBLDEro22gkIoDAWMOJfb9WsO5pmIFEnUP93RoVzAuBkvbCL0CC1hFazVyMB7IpE1aPU+E7vuo8qMNRS1AooF+OfqE4d9QUAk7DBYShMPWFLcUjool15gfj5xrQPzTVX4/Ly0bR3UytQecVoMvBE6svVs9Ugjb59K0x/NNSwSryh8XEgJxNfSELRIfOcSfMBeqN+pqJB83EJyf331/Lel1IiR/73fmIaSR/OqDBEYr6+Yoo3sy9NDxEosbBm+LrQwy0k3qWqHuNCavyGP8XcxdP1n2zhFfCJbts5VAK0w0AL/lcofo3rk+VIF1shFm1bkXCT7YAC0IGAow4dzCWNilo7lJAuO1uZr0DJKROkjpJMj+L8nemo1CdEDedIlQKSGqXKIlY7YAMwQDun2hUzOLjili/vdD/oCsvQqbIlWGuiNYfBKBm69ypThzhKxt8OJa2BNIsQa5wegPzhovTKLg8/lolCVcPxTDc4q5p5WYHuXGfT4XasaFCOCZHlEy3dJS26uK7J3QbNpSnYwFXW11nbNF1ueQCpKHfrFtQ27RNeQ7cwqQTav7XF65nV5NEjpNmcowUjvg9+yur5U9p/HbE9qaDoeyFgbY6G7s2bE+/uXhxm7YWJHjG5I38RK1DV6sKx9hL9N4mHudn328Fa1EYOb1KkRlx+O0R5aogyxU4vGz5KIF1Xx+uqYyNerckO1ZwWcyqYZkfi93uSRWD16nIW2clmJ7kkgIwgv84ZyY3woWJ1QLCkLdxJo7xxKVFTDye3X+TwqI9aP+TxTYT5/gqjj36su5ImUohqBdmQ+v2tWwQ8gU/qelCwHrLQEg1dJf13pqOtHWb3p73DrFJm2ukJcDeVI69XYHtHMppUd72H3+ges2rdd/0DaWlZFqOvnXuQif/sPsZegti74Vav7l7mtu9HTkG/VI7WyxPE2OXreVH5eyXhCMJiMx7V+oC+faWqiqK0nbYyMGkkGamk1kznI5V1dC/6s/5zfVjCRJCrGTIwU2d6L649eWLXNsjjYXBcGy+qeZlQexxCRKi2Ujvw3KsuDPtJI7E1tdzxLDFqARA3O/ff749J2TP55m8d0JQh1PZrEG4+HDwHe9aPxgkR5SdeckYZ0J446xdLVrdmuVfwfUEsHCEQcz3iOBAAAdxAAAFBLAQIUABQACAgIACCWokpEHM94jgQAAHcQAAAHAAAAAAAAAAAAAAAAAAAAAAB1c2VyLmpzUEsFBgAAAAABAAEANQAAAMMEAAAAAA==}, appBuildId=20160315153207, version=, platform=XP, proxy={}, specificationLevel=1, acceptSslCerts=false, browserVersion=45.0.1, platformVersion=10.0, XULappId={ec8030f7-c20a-464f-9b0e-13a3a9e97384}, browserName=Firefox, takesScreenshot=true, takesElementScreenshot=true, platformName=Windows_NT, device=desktop}]
Session ID: be0bfa20-125b-442e-87f8-cba8d1012454
*** Element info: {Using=xpath, value=.//*[@id=&apos;main&apos;]//a[contains(text(),&apos;New Set&apos;)]}
	at sun.reflect.NativeConstructorAccessorImpl.newInstance0(Native Method)
	at sun.reflect.NativeConstructorAccessorImpl.newInstance(Unknown Source)
	at sun.reflect.DelegatingConstructorAccessorImpl.newInstance(Unknown Source)
	at java.lang.reflect.Constructor.newInstance(Unknown Source)
	at org.openqa.selenium.remote.http.W3CHttpResponseCodec.createException(W3CHttpResponseCodec.java:127)
	at org.openqa.selenium.remote.http.W3CHttpResponseCodec.decode(W3CHttpResponseCodec.java:93)
	at org.openqa.selenium.remote.http.W3CHttpResponseCodec.decode(W3CHttpResponseCodec.java:42)
	at org.openqa.selenium.remote.HttpCommandExecutor.execute(HttpCommandExecutor.java:163)
	at org.openqa.selenium.remote.service.DriverCommandExecutor.execute(DriverCommandExecutor.java:82)
	at org.openqa.selenium.remote.RemoteWebDriver.execute(RemoteWebDriver.java:601)
	at org.openqa.selenium.remote.RemoteWebDriver.findElement(RemoteWebDriver.java:368)
	at org.openqa.selenium.remote.RemoteWebDriver.findElementByXPath(RemoteWebDriver.java:473)
	at org.openqa.selenium.By$ByXPath.findElement(By.java:361)
	at org.openqa.selenium.remote.RemoteWebDriver.findElement(RemoteWebDriver.java:360)
	at org.openqa.selenium.support.pagefactory.DefaultElementLocator.findElement(DefaultElementLocator.java:69)
	at org.openqa.selenium.support.pagefactory.internal.LocatingElementHandler.invoke(LocatingElementHandler.java:38)
	at com.sun.proxy.$Proxy7.click(Unknown Source)
	at pageObjectLib.promotionCreation.PromotionAndDealForItemAndTransactionLevel.clickOnNewSet(PromotionAndDealForItemAndTransactionLevel.java:233)
	at pageAction.promotionCreationMethods.KitBasedDiscountsMethods.KitBasedDiscountWithTimePeriodMethods.creatingDeal(KitBasedDiscountWithTimePeriodMethods.java:71)
	at webTests.promotionCreationTests.buyXGetXDealTests.BuyXGetXDealWithTimePeriodTests.dealCreationForTransactionLevelDiscount(BuyXGetXDealWithTimePeriodTests.java:46)
	at sun.reflect.NativeMethodAccessorImpl.invoke0(Native Method)
	at sun.reflect.NativeMethodAccessorImpl.invoke(Unknown Source)
	at sun.reflect.DelegatingMethodAccessorImpl.invoke(Unknown Source)
	at java.lang.reflect.Method.invoke(Unknown Source)
	at org.testng.internal.MethodInvocationHelper.invokeMethod(MethodInvocationHelper.java:104)
	at org.testng.internal.Invoker.invokeMethod(Invoker.java:645)
	at org.testng.internal.Invoker.invokeTestMethod(Invoker.java:851)
	at org.testng.internal.Invoker.invokeTestMethods(Invoker.java:1177)
	at org.testng.internal.TestMethodWorker.invokeTestMethods(TestMethodWorker.java:129)
	at org.testng.internal.TestMethodWorker.run(TestMethodWorker.java:112)
	at org.testng.TestRunner.privateRun(TestRunner.java:756)
	at org.testng.TestRunner.run(TestRunner.java:610)
	at org.testng.SuiteRunner.runTest(SuiteRunner.java:387)
	at org.testng.SuiteRunner.runSequentially(SuiteRunner.java:382)
	at org.testng.SuiteRunner.privateRun(SuiteRunner.java:340)
	at org.testng.SuiteRunner.run(SuiteRunner.java:289)
	at org.testng.SuiteRunnerWorker.runSuite(SuiteRunnerWorker.java:52)
	at org.testng.SuiteRunnerWorker.run(SuiteRunnerWorker.java:86)
	at org.testng.TestNG.runSuitesSequentially(TestNG.java:1293)
	at org.testng.TestNG.runSuitesLocally(TestNG.java:1218)
	at org.testng.TestNG.runSuites(TestNG.java:1133)
	at org.testng.TestNG.run(TestNG.java:1104)
	at org.testng.remote.AbstractRemoteTestNG.run(AbstractRemoteTestNG.java:132)
	at org.testng.remote.RemoteTestNG.initAndRun(RemoteTestNG.java:236)
	at org.testng.remote.RemoteTestNG.main(RemoteTestNG.java:81)
</div></td></tr></table><p class="totop"><a href="#summary">back to summary</a></p></body></html>