<?xml version="1.0" encoding="UTF-8"?>
<!-- Generated by org.testng.reporters.JUnitReportReporter -->
<testsuite name="webTests.promotionCreationTests.itemLevelDisscountTests.ItemLevelDiscountOnAllJeansTest" tests="1" time="50.344" ignored="0" failures="0" timestamp="28 Apr 2017 07:10:10 GMT" skipped="0" hostname="User-PC" errors="1">
  <testcase name="createpromotion" time="50.344" classname="webTests.promotionCreationTests.itemLevelDisscountTests.ItemLevelDiscountOnAllJeansTest">
    <error type="org.openqa.selenium.NoSuchElementException" message="Unable to locate element: .//button[contains(text(),&#039;Add&#039;)]
For documentation on this error, please visit: http://seleniumhq.org/exceptions/no_such_element.html
Build info: version: &#039;unknown&#039;, revision: &#039;1969d75&#039;, time: &#039;2016-10-18 09:43:45 -0700&#039;
System info: host: &#039;User-PC&#039;, ip: &#039;192.168.179.1&#039;, os.name: &#039;Windows 10&#039;, os.arch: &#039;amd64&#039;, os.version: &#039;10.0&#039;, java.version: &#039;1.8.0_91&#039;
Driver info: org.openqa.selenium.firefox.FirefoxDriver
Capabilities [{rotatable=false, raisesAccessibilityExceptions=false, marionette=true, firefoxOptions={args=[], profile=UEsDBBQACAgIAN1knEoAAAAAAAAAAAAAAAAHAAAAdXNlci5qc9VXS2/jNhC+91cUPm2BmEk23cv25CZZoEDQFEmD7MEAQVMjiTFFshzKj3/foR6xHcmSvbc9SaKGj5nvm2+GJYLnzkP6abLwdk1fDEUK1bsyGSuEXgsPDIxYaEgmF7+mQiP89scv5W5mIgLZOOtDnJKD0CGvvxkZrZQcmd/unIN24GfOIYvbbnGGS5ZaL+HkeQZW9EbTUKzgX3uncElzJwE24VLi6kI4p5UUQVlzuZkWCBsJ+mC0O7KZdsdWJmEFNj9UITK4dCZr3t4cZBfVlnkodP3mtFDmYIkC19YnhzsVenLoooFAVkuWh+CYyxXm22n87QTiVIPJQk7+ff7ypT8yHkRCjwQCyADJN+UxzAgmqWNIgy8/ImkLgnzDZe5tARylVy5wXxoeVBGn3Fz1bxTEAhkxxTyaW21xBLDEro22gkIoDAWMOJfb9WsO5pmIFEnUP93RoVzAuBkvbCL0CC1hFazVyMB7IpE1aPU+E7vuo8qMNRS1AooF+OfqE4d9QUAk7DBYShMPWFLcUjool15gfj5xrQPzTVX4/Ly0bR3UytQecVoMvBE6svVs9Ugjb59K0x/NNSwSryh8XEgJxNfSELRIfOcSfMBeqN+pqJB83EJyf331/Lel1IiR/73fmIaSR/OqDBEYr6+Yoo3sy9NDxEosbBm+LrQwy0k3qWqHuNCavyGP8XcxdP1n2zhFfCJbts5VAK0w0AL/lcofo3rk+VIF1shFm1bkXCT7YAC0IGAow4dzCWNilo7lJAuO1uZr0DJKROkjpJMj+L8nemo1CdEDedIlQKSGqXKIlY7YAMwQDun2hUzOLjili/vdD/oCsvQqbIlWGuiNYfBKBm69ypThzhKxt8OJa2BNIsQa5wegPzhovTKLg8/lolCVcPxTDc4q5p5WYHuXGfT4XasaFCOCZHlEy3dJS26uK7J3QbNpSnYwFXW11nbNF1ueQCpKHfrFtQ27RNeQ7cwqQTav7XF65nV5NEjpNmcowUjvg9+yur5U9p/HbE9qaDoeyFgbY6G7s2bE+/uXhxm7YWJHjG5I38RK1DV6sKx9hL9N4mHudn328Fa1EYOb1KkRlx+O0R5aogyxU4vGz5KIF1Xx+uqYyNerckO1ZwWcyqYZkfi93uSRWD16nIW2clmJ7kkgIwgv84ZyY3woWJ1QLCkLdxJo7xxKVFTDye3X+TwqI9aP+TxTYT5/gqjj36su5ImUohqBdmQ+v2tWwQ8gU/qelCwHrLQEg1dJf13pqOtHWb3p73DrFJm2ukJcDeVI69XYHtHMppUd72H3+ges2rdd/0DaWlZFqOvnXuQif/sPsZegti74Vav7l7mtu9HTkG/VI7WyxPE2OXreVH5eyXhCMJiMx7V+oC+faWqiqK0nbYyMGkkGamk1kznI5V1dC/6s/5zfVjCRJCrGTIwU2d6L649eWLXNsjjYXBcGy+qeZlQexxCRKi2Ujvw3KsuDPtJI7E1tdzxLDFqARA3O/ff749J2TP55m8d0JQh1PZrEG4+HDwHe9aPxgkR5SdeckYZ0J446xdLVrdmuVfwfUEsHCEQcz3iOBAAAdxAAAFBLAQIUABQACAgIAN1knEpEHM94jgQAAHcQAAAHAAAAAAAAAAAAAAAAAAAAAAB1c2VyLmpzUEsFBgAAAAABAAEANQAAAMMEAAAAAA==}, appBuildId=20160315153207, version=, platform=XP, proxy={}, specificationLevel=1, acceptSslCerts=false, browserVersion=45.0.1, platformVersion=10.0, XULappId={ec8030f7-c20a-464f-9b0e-13a3a9e97384}, browserName=Firefox, takesScreenshot=true, takesElementScreenshot=true, platformName=Windows_NT, device=desktop}]
Session ID: 1cc57430-650c-4559-a968-66e7c719ac7c
*** Element info: {Using=xpath, value=.//button[contains(text(),&#039;Add&#039;)]}">
      <![CDATA[org.openqa.selenium.NoSuchElementException: Unable to locate element: .//button[contains(text(),'Add')]
For documentation on this error, please visit: http://seleniumhq.org/exceptions/no_such_element.html
Build info: version: 'unknown', revision: '1969d75', time: '2016-10-18 09:43:45 -0700'
System info: host: 'User-PC', ip: '192.168.179.1', os.name: 'Windows 10', os.arch: 'amd64', os.version: '10.0', java.version: '1.8.0_91'
Driver info: org.openqa.selenium.firefox.FirefoxDriver
Capabilities [{rotatable=false, raisesAccessibilityExceptions=false, marionette=true, firefoxOptions={args=[], profile=UEsDBBQACAgIAN1knEoAAAAAAAAAAAAAAAAHAAAAdXNlci5qc9VXS2/jNhC+91cUPm2BmEk23cv25CZZoEDQFEmD7MEAQVMjiTFFshzKj3/foR6xHcmSvbc9SaKGj5nvm2+GJYLnzkP6abLwdk1fDEUK1bsyGSuEXgsPDIxYaEgmF7+mQiP89scv5W5mIgLZOOtDnJKD0CGvvxkZrZQcmd/unIN24GfOIYvbbnGGS5ZaL+HkeQZW9EbTUKzgX3uncElzJwE24VLi6kI4p5UUQVlzuZkWCBsJ+mC0O7KZdsdWJmEFNj9UITK4dCZr3t4cZBfVlnkodP3mtFDmYIkC19YnhzsVenLoooFAVkuWh+CYyxXm22n87QTiVIPJQk7+ff7ypT8yHkRCjwQCyADJN+UxzAgmqWNIgy8/ImkLgnzDZe5tARylVy5wXxoeVBGn3Fz1bxTEAhkxxTyaW21xBLDEro22gkIoDAWMOJfb9WsO5pmIFEnUP93RoVzAuBkvbCL0CC1hFazVyMB7IpE1aPU+E7vuo8qMNRS1AooF+OfqE4d9QUAk7DBYShMPWFLcUjool15gfj5xrQPzTVX4/Ly0bR3UytQecVoMvBE6svVs9Ugjb59K0x/NNSwSryh8XEgJxNfSELRIfOcSfMBeqN+pqJB83EJyf331/Lel1IiR/73fmIaSR/OqDBEYr6+Yoo3sy9NDxEosbBm+LrQwy0k3qWqHuNCavyGP8XcxdP1n2zhFfCJbts5VAK0w0AL/lcofo3rk+VIF1shFm1bkXCT7YAC0IGAow4dzCWNilo7lJAuO1uZr0DJKROkjpJMj+L8nemo1CdEDedIlQKSGqXKIlY7YAMwQDun2hUzOLjili/vdD/oCsvQqbIlWGuiNYfBKBm69ypThzhKxt8OJa2BNIsQa5wegPzhovTKLg8/lolCVcPxTDc4q5p5WYHuXGfT4XasaFCOCZHlEy3dJS26uK7J3QbNpSnYwFXW11nbNF1ueQCpKHfrFtQ27RNeQ7cwqQTav7XF65nV5NEjpNmcowUjvg9+yur5U9p/HbE9qaDoeyFgbY6G7s2bE+/uXhxm7YWJHjG5I38RK1DV6sKx9hL9N4mHudn328Fa1EYOb1KkRlx+O0R5aogyxU4vGz5KIF1Xx+uqYyNerckO1ZwWcyqYZkfi93uSRWD16nIW2clmJ7kkgIwgv84ZyY3woWJ1QLCkLdxJo7xxKVFTDye3X+TwqI9aP+TxTYT5/gqjj36su5ImUohqBdmQ+v2tWwQ8gU/qelCwHrLQEg1dJf13pqOtHWb3p73DrFJm2ukJcDeVI69XYHtHMppUd72H3+ges2rdd/0DaWlZFqOvnXuQif/sPsZegti74Vav7l7mtu9HTkG/VI7WyxPE2OXreVH5eyXhCMJiMx7V+oC+faWqiqK0nbYyMGkkGamk1kznI5V1dC/6s/5zfVjCRJCrGTIwU2d6L649eWLXNsjjYXBcGy+qeZlQexxCRKi2Ujvw3KsuDPtJI7E1tdzxLDFqARA3O/ff749J2TP55m8d0JQh1PZrEG4+HDwHe9aPxgkR5SdeckYZ0J446xdLVrdmuVfwfUEsHCEQcz3iOBAAAdxAAAFBLAQIUABQACAgIAN1knEpEHM94jgQAAHcQAAAHAAAAAAAAAAAAAAAAAAAAAAB1c2VyLmpzUEsFBgAAAAABAAEANQAAAMMEAAAAAA==}, appBuildId=20160315153207, version=, platform=XP, proxy={}, specificationLevel=1, acceptSslCerts=false, browserVersion=45.0.1, platformVersion=10.0, XULappId={ec8030f7-c20a-464f-9b0e-13a3a9e97384}, browserName=Firefox, takesScreenshot=true, takesElementScreenshot=true, platformName=Windows_NT, device=desktop}]
Session ID: 1cc57430-650c-4559-a968-66e7c719ac7c
*** Element info: {Using=xpath, value=.//button[contains(text(),'Add')]}
	at sun.reflect.NativeConstructorAccessorImpl.newInstance0(Native Method)
	at sun.reflect.NativeConstructorAccessorImpl.newInstance(Unknown Source)
	at sun.reflect.DelegatingConstructorAccessorImpl.newInstance(Unknown Source)
	at java.lang.reflect.Constructor.newInstance(Unknown Source)
	at org.openqa.selenium.remote.http.W3CHttpResponseCodec.createException(W3CHttpResponseCodec.java:127)
	at org.openqa.selenium.remote.http.W3CHttpResponseCodec.decode(W3CHttpResponseCodec.java:93)
	at org.openqa.selenium.remote.http.W3CHttpResponseCodec.decode(W3CHttpResponseCodec.java:42)
	at org.openqa.selenium.remote.HttpCommandExecutor.execute(HttpCommandExecutor.java:163)
	at org.openqa.selenium.remote.service.DriverCommandExecutor.execute(DriverCommandExecutor.java:82)
	at org.openqa.selenium.remote.RemoteWebDriver.execute(RemoteWebDriver.java:601)
	at org.openqa.selenium.remote.RemoteWebDriver.findElement(RemoteWebDriver.java:368)
	at org.openqa.selenium.remote.RemoteWebDriver.findElementByXPath(RemoteWebDriver.java:473)
	at org.openqa.selenium.By$ByXPath.findElement(By.java:361)
	at org.openqa.selenium.remote.RemoteWebDriver.findElement(RemoteWebDriver.java:360)
	at org.openqa.selenium.support.pagefactory.DefaultElementLocator.findElement(DefaultElementLocator.java:69)
	at org.openqa.selenium.support.pagefactory.internal.LocatingElementHandler.invoke(LocatingElementHandler.java:38)
	at com.sun.proxy.$Proxy7.click(Unknown Source)
	at pageObjectLib.promotionCreation.PromotionAndDealForItemAndTransactionLevel.clickOnAddButton(PromotionAndDealForItemAndTransactionLevel.java:201)
	at pageAction.promotionCreationMethods.CreatePromotionMethods.createPromotions(CreatePromotionMethods.java:68)
	at webTests.promotionCreationTests.itemLevelDisscountTests.ItemLevelDiscountOnAllJeansTest.createpromotion(ItemLevelDiscountOnAllJeansTest.java:48)
	at sun.reflect.NativeMethodAccessorImpl.invoke0(Native Method)
	at sun.reflect.NativeMethodAccessorImpl.invoke(Unknown Source)
	at sun.reflect.DelegatingMethodAccessorImpl.invoke(Unknown Source)
	at java.lang.reflect.Method.invoke(Unknown Source)
	at org.testng.internal.MethodInvocationHelper.invokeMethod(MethodInvocationHelper.java:104)
	at org.testng.internal.Invoker.invokeMethod(Invoker.java:645)
	at org.testng.internal.Invoker.invokeTestMethod(Invoker.java:851)
	at org.testng.internal.Invoker.invokeTestMethods(Invoker.java:1177)
	at org.testng.internal.TestMethodWorker.invokeTestMethods(TestMethodWorker.java:129)
	at org.testng.internal.TestMethodWorker.run(TestMethodWorker.java:112)
	at org.testng.TestRunner.privateRun(TestRunner.java:756)
	at org.testng.TestRunner.run(TestRunner.java:610)
	at org.testng.SuiteRunner.runTest(SuiteRunner.java:387)
	at org.testng.SuiteRunner.runSequentially(SuiteRunner.java:382)
	at org.testng.SuiteRunner.privateRun(SuiteRunner.java:340)
	at org.testng.SuiteRunner.run(SuiteRunner.java:289)
	at org.testng.SuiteRunnerWorker.runSuite(SuiteRunnerWorker.java:52)
	at org.testng.SuiteRunnerWorker.run(SuiteRunnerWorker.java:86)
	at org.testng.TestNG.runSuitesSequentially(TestNG.java:1293)
	at org.testng.TestNG.runSuitesLocally(TestNG.java:1218)
	at org.testng.TestNG.runSuites(TestNG.java:1133)
	at org.testng.TestNG.run(TestNG.java:1104)
	at org.testng.remote.AbstractRemoteTestNG.run(AbstractRemoteTestNG.java:132)
	at org.testng.remote.RemoteTestNG.initAndRun(RemoteTestNG.java:236)
	at org.testng.remote.RemoteTestNG.main(RemoteTestNG.java:81)
]]>
    </error>
  </testcase> <!-- createpromotion -->
</testsuite> <!-- webTests.promotionCreationTests.itemLevelDisscountTests.ItemLevelDiscountOnAllJeansTest -->
