<html>
<head>
<title>TestNG:  Default test</title>
<link href="../testng.css" rel="stylesheet" type="text/css" />
<link href="../my-testng.css" rel="stylesheet" type="text/css" />

<style type="text/css">
.log { display: none;} 
.stack-trace { display: none;} 
</style>
<script type="text/javascript">
<!--
function flip(e) {
  current = e.style.display;
  if (current == 'block') {
    e.style.display = 'none';
    return 0;
  }
  else {
    e.style.display = 'block';
    return 1;
  }
}

function toggleBox(szDivId, elem, msg1, msg2)
{
  var res = -1;  if (document.getElementById) {
    res = flip(document.getElementById(szDivId));
  }
  else if (document.all) {
    // this is the way old msie versions work
    res = flip(document.all[szDivId]);
  }
  if(elem) {
    if(res == 0) elem.innerHTML = msg1; else elem.innerHTML = msg2;
  }

}

function toggleAllBoxes() {
  if (document.getElementsByTagName) {
    d = document.getElementsByTagName('div');
    for (i = 0; i < d.length; i++) {
      if (d[i].className == 'log') {
        flip(d[i]);
      }
    }
  }
}

// -->
</script>

</head>
<body>
<h2 align='center'>Default test</h2><table border='1' align="center">
<tr>
<td>Tests passed/Failed/Skipped:</td><td>0/2/0</td>
</tr><tr>
<td>Started on:</td><td>Tue May 02 18:48:59 IST 2017</td>
</tr>
<tr><td>Total time:</td><td>70 seconds (70734 ms)</td>
</tr><tr>
<td>Included groups:</td><td></td>
</tr><tr>
<td>Excluded groups:</td><td></td>
</tr>
</table><p/>
<small><i>(Hover the method name to see the test class name)</i></small><p/>
<table width='100%' border='1' class='invocation-failed'>
<tr><td colspan='4' align='center'><b>FAILED TESTS</b></td></tr>
<tr><td><b>Test method</b></td>
<td width="30%"><b>Exception</b></td>
<td width="10%"><b>Time (seconds)</b></td>
<td><b>Instance</b></td>
</tr>
<tr>
<td title='webTests.promotionCreationTests.buyXGetXDealTests.BuyXGetXDealWithTimePeriodTests.createPromotionForTransactionLevel()'><b>createPromotionForTransactionLevel</b><br>Test class: webTests.promotionCreationTests.buyXGetXDealTests.BuyXGetXDealWithTimePeriodTests<br/>
<a href="#Output-807872790" onClick='toggleBox("Output-807872790", this, "Show output", "Hide output");'>Show output</a>

<a href="#Output-807872790" onClick="toggleAllBoxes();">Show all outputs</a>
<div class='log' id="Output-807872790">
++++++++++++++++++++Creating promotion started++++++++++++++++++++<br/>

<br/>
</div>
</td>
<td><div><pre>org.openqa.selenium.ElementNotVisibleException: Element is not visible
Build info: version: &apos;unknown&apos;, revision: &apos;1969d75&apos;, time: &apos;2016-10-18 09:43:45 -0700&apos;
System info: host: &apos;User-PC&apos;, ip: &apos;192.168.179.1&apos;, os.name: &apos;Windows 10&apos;, os.arch: &apos;amd64&apos;, os.version: &apos;10.0&apos;, java.version: &apos;1.8.0_91&apos;
Driver info: org.openqa.selenium.firefox.FirefoxDriver
Capabilities [{rotatable=false, raisesAccessibilityExceptions=false, marionette=true, firefoxOptions={args=[], profile=UEsDBBQACAgIACCWokoAAAAAAAAAAAAAAAAHAAAAdXNlci5qc9VXS2/jNhC+91cUPm2BmEk23cv25CZZoEDQFEmD7MEAQVMjiTFFshzKj3/foR6xHcmSvbc9SaKGj5nvm2+GJYLnzkP6abLwdk1fDEUK1bsyGSuEXgsPDIxYaEgmF7+mQiP89scv5W5mIgLZOOtDnJKD0CGvvxkZrZQcmd/unIN24GfOIYvbbnGGS5ZaL+HkeQZW9EbTUKzgX3uncElzJwE24VLi6kI4p5UUQVlzuZkWCBsJ+mC0O7KZdsdWJmEFNj9UITK4dCZr3t4cZBfVlnkodP3mtFDmYIkC19YnhzsVenLoooFAVkuWh+CYyxXm22n87QTiVIPJQk7+ff7ypT8yHkRCjwQCyADJN+UxzAgmqWNIgy8/ImkLgnzDZe5tARylVy5wXxoeVBGn3Fz1bxTEAhkxxTyaW21xBLDEro22gkIoDAWMOJfb9WsO5pmIFEnUP93RoVzAuBkvbCL0CC1hFazVyMB7IpE1aPU+E7vuo8qMNRS1AooF+OfqE4d9QUAk7DBYShMPWFLcUjool15gfj5xrQPzTVX4/Ly0bR3UytQecVoMvBE6svVs9Ugjb59K0x/NNSwSryh8XEgJxNfSELRIfOcSfMBeqN+pqJB83EJyf331/Lel1IiR/73fmIaSR/OqDBEYr6+Yoo3sy9NDxEosbBm+LrQwy0k3qWqHuNCavyGP8XcxdP1n2zhFfCJbts5VAK0w0AL/lcofo3rk+VIF1shFm1bkXCT7YAC0IGAow4dzCWNilo7lJAuO1uZr0DJKROkjpJMj+L8nemo1CdEDedIlQKSGqXKIlY7YAMwQDun2hUzOLjili/vdD/oCsvQqbIlWGuiNYfBKBm69ypThzhKxt8OJa2BNIsQa5wegPzhovTKLg8/lolCVcPxTDc4q5p5WYHuXGfT4XasaFCOCZHlEy3dJS26uK7J3QbNpSnYwFXW11nbNF1ueQCpKHfrFtQ27RNeQ7cwqQTav7XF65nV5NEjpNmcowUjvg9+yur5U9p/HbE9qaDoeyFgbY6G7s2bE+/uXhxm7YWJHjG5I38RK1DV6sKx9hL9N4mHudn328Fa1EYOb1KkRlx+O0R5aogyxU4vGz5KIF1Xx+uqYyNerckO1ZwWcyqYZkfi93uSRWD16nIW2clmJ7kkgIwgv84ZyY3woWJ1QLCkLdxJo7xxKVFTDye3X+TwqI9aP+TxTYT5/gqjj36su5ImUohqBdmQ+v2tWwQ8gU/qelCwHrLQEg1dJf13pqOtHWb3p73DrFJm2ukJcDeVI69XYHtHMppUd72H3+ges2rdd/0DaWlZFqOvnXuQif/sPsZegti74Vav7l7mtu9HTkG/VI7WyxPE2OXreVH5eyXhCMJiMx7V+oC+faWqiqK0nbYyMGkkGamk1kznI5V1dC/6s/5zfVjCRJCrGTIwU2d6L649eWLXNsjjYXBcGy+qeZlQexxCRKi2Ujvw3KsuDPtJI7E1tdzxLDFqARA3O/ff749J2TP55m8d0JQh1PZrEG4+HDwHe9aPxgkR5SdeckYZ0J446xdLVrdmuVfwfUEsHCEQcz3iOBAAAdxAAAFBLAQIUABQACAgIACCWokpEHM94jgQAAHcQAAAHAAAAAAAAAAAAAAAAAAAAAAB1c2VyLmpzUEsFBgAAAAABAAEANQAAAMMEAAAAAA==}, appBuildId=20160315153207, version=, platform=XP, proxy={}, specificationLevel=1, acceptSslCerts=false, browserVersion=45.0.1, platformVersion=10.0, XULappId={ec8030f7-c20a-464f-9b0e-13a3a9e97384}, browserName=Firefox, takesScreenshot=true, takesElementScreenshot=true, platformName=Windows_NT, device=desktop}]
Session ID: be0bfa20-125b-442e-87f8-cba8d1012454
	at sun.reflect.NativeConstructorAccessorImpl.newInstance0(Native Method)
	at sun.reflect.NativeConstructorAccessorImpl.newInstance(Unknown Source)
	at sun.reflect.DelegatingConstructorAccessorImpl.newInstance(Unknown Source)
	at java.lang.reflect.Constructor.newInstance(Unknown Source)
	at org.openqa.selenium.remote.http.W3CHttpResponseCodec.createException(W3CHttpResponseCodec.java:127)
	at org.openqa.selenium.remote.http.W3CHttpResponseCodec.decode(W3CHttpResponseCodec.java:93)
	at org.openqa.selenium.remote.http.W3CHttpResponseCodec.decode(W3CHttpResponseCodec.java:42)
	at org.openqa.selenium.remote.HttpCommandExecutor.execute(HttpCommandExecutor.java:163)
	at org.openqa.selenium.remote.service.DriverCommandExecutor.execute(DriverCommandExecutor.java:82)
	at org.openqa.selenium.remote.RemoteWebDriver.execute(RemoteWebDriver.java:601)
	at org.openqa.selenium.remote.RemoteWebElement.execute(RemoteWebElement.java:274)
	at org.openqa.selenium.remote.RemoteWebElement.click(RemoteWebElement.java:84)
	at sun.reflect.NativeMethodAccessorImpl.invoke0(Native Method)
	at sun.reflect.NativeMethodAccessorImpl.invoke(Unknown Source)
	at sun.reflect.DelegatingMethodAccessorImpl.invoke(Unknown Source)
	at java.lang.reflect.Method.invoke(Unknown Source)
	at org.openqa.selenium.support.pagefactory.internal.LocatingElementHandler.invoke(LocatingElementHandler.java:51)
	at com.sun.proxy.$Proxy7.click(Unknown Source)
	at pageObjectLib.promotionCreation.PromotionAndDealForItemAndTransactionLevel.clickOnNext(PromotionAndDealForItemAndTransactionLevel.java:402)
	at pageAction.promotionCreationMethods.CreatePromotionMethods.createPromotions(CreatePromotionMethods.java:64)
	at webTests.promotionCreationTests.buyXGetXDealTests.BuyXGetXDealWithTimePeriodTests.createPromotionForTransactionLevel(BuyXGetXDealWithTimePeriodTests.java:55)
	at sun.reflect.NativeMethodAccessorImpl.invoke0(Native Method)
	at sun.reflect.NativeMethodAccessorImpl.invoke(Unknown Source)
	at sun.reflect.DelegatingMethodAccessorImpl.invoke(Unknown Source)
	at java.lang.reflect.Method.invoke(Unknown Source)
	at org.testng.internal.MethodInvocationHelper.invokeMethod(MethodInvocationHelper.java:104)
	at org.testng.internal.Invoker.invokeMethod(Invoker.java:645)
	at org.testng.internal.Invoker.invokeTestMethod(Invoker.java:851)
	at org.testng.internal.Invoker.invokeTestMethods(Invoker.java:1177)
	at org.testng.internal.TestMethodWorker.invokeTestMethods(TestMethodWorker.java:129)
	at org.testng.internal.TestMethodWorker.run(TestMethodWorker.java:112)
	at org.testng.TestRunner.privateRun(TestRunner.java:756)
	at org.testng.TestRunner.run(TestRunner.java:610)
	at org.testng.SuiteRunner.runTest(SuiteRunner.java:387)
	at org.testng.SuiteRunner.runSequentially(SuiteRunner.java:382)
	at org.testng.SuiteRunner.privateRun(SuiteRunner.java:340)
	at org.testng.SuiteRunner.run(SuiteRunner.java:289)
	at org.testng.SuiteRunnerWorker.runSuite(SuiteRunnerWorker.java:52)
	at org.testng.SuiteRunnerWorker.run(SuiteRunnerWorker.java:86)
	at org.testng.TestNG.runSuitesSequentially(TestNG.java:1293)
	at org.testng.TestNG.runSuitesLocally(TestNG.java:1218)
	at org.testng.TestNG.runSuites(TestNG.java:1133)
	at org.testng.TestNG.run(TestNG.java:1104)
	at org.testng.remote.AbstractRemoteTestNG.run(AbstractRemoteTestNG.java:132)
	at org.testng.remote.RemoteTestNG.initAndRun(RemoteTestNG.java:236)
	at org.testng.remote.RemoteTestNG.main(RemoteTestNG.java:81)
</pre></div><a href='#' onClick='toggleBox("stack-trace807872790", this, "Click to show all stack frames", "Click to hide stack frames")'>Click to show all stack frames</a>
<div class='stack-trace' id='stack-trace807872790'><pre>org.openqa.selenium.ElementNotVisibleException: Element is not visible
Build info: version: &apos;unknown&apos;, revision: &apos;1969d75&apos;, time: &apos;2016-10-18 09:43:45 -0700&apos;
System info: host: &apos;User-PC&apos;, ip: &apos;192.168.179.1&apos;, os.name: &apos;Windows 10&apos;, os.arch: &apos;amd64&apos;, os.version: &apos;10.0&apos;, java.version: &apos;1.8.0_91&apos;
Driver info: org.openqa.selenium.firefox.FirefoxDriver
Capabilities [{rotatable=false, raisesAccessibilityExceptions=false, marionette=true, firefoxOptions={args=[], profile=UEsDBBQACAgIACCWokoAAAAAAAAAAAAAAAAHAAAAdXNlci5qc9VXS2/jNhC+91cUPm2BmEk23cv25CZZoEDQFEmD7MEAQVMjiTFFshzKj3/foR6xHcmSvbc9SaKGj5nvm2+GJYLnzkP6abLwdk1fDEUK1bsyGSuEXgsPDIxYaEgmF7+mQiP89scv5W5mIgLZOOtDnJKD0CGvvxkZrZQcmd/unIN24GfOIYvbbnGGS5ZaL+HkeQZW9EbTUKzgX3uncElzJwE24VLi6kI4p5UUQVlzuZkWCBsJ+mC0O7KZdsdWJmEFNj9UITK4dCZr3t4cZBfVlnkodP3mtFDmYIkC19YnhzsVenLoooFAVkuWh+CYyxXm22n87QTiVIPJQk7+ff7ypT8yHkRCjwQCyADJN+UxzAgmqWNIgy8/ImkLgnzDZe5tARylVy5wXxoeVBGn3Fz1bxTEAhkxxTyaW21xBLDEro22gkIoDAWMOJfb9WsO5pmIFEnUP93RoVzAuBkvbCL0CC1hFazVyMB7IpE1aPU+E7vuo8qMNRS1AooF+OfqE4d9QUAk7DBYShMPWFLcUjool15gfj5xrQPzTVX4/Ly0bR3UytQecVoMvBE6svVs9Ugjb59K0x/NNSwSryh8XEgJxNfSELRIfOcSfMBeqN+pqJB83EJyf331/Lel1IiR/73fmIaSR/OqDBEYr6+Yoo3sy9NDxEosbBm+LrQwy0k3qWqHuNCavyGP8XcxdP1n2zhFfCJbts5VAK0w0AL/lcofo3rk+VIF1shFm1bkXCT7YAC0IGAow4dzCWNilo7lJAuO1uZr0DJKROkjpJMj+L8nemo1CdEDedIlQKSGqXKIlY7YAMwQDun2hUzOLjili/vdD/oCsvQqbIlWGuiNYfBKBm69ypThzhKxt8OJa2BNIsQa5wegPzhovTKLg8/lolCVcPxTDc4q5p5WYHuXGfT4XasaFCOCZHlEy3dJS26uK7J3QbNpSnYwFXW11nbNF1ueQCpKHfrFtQ27RNeQ7cwqQTav7XF65nV5NEjpNmcowUjvg9+yur5U9p/HbE9qaDoeyFgbY6G7s2bE+/uXhxm7YWJHjG5I38RK1DV6sKx9hL9N4mHudn328Fa1EYOb1KkRlx+O0R5aogyxU4vGz5KIF1Xx+uqYyNerckO1ZwWcyqYZkfi93uSRWD16nIW2clmJ7kkgIwgv84ZyY3woWJ1QLCkLdxJo7xxKVFTDye3X+TwqI9aP+TxTYT5/gqjj36su5ImUohqBdmQ+v2tWwQ8gU/qelCwHrLQEg1dJf13pqOtHWb3p73DrFJm2ukJcDeVI69XYHtHMppUd72H3+ges2rdd/0DaWlZFqOvnXuQif/sPsZegti74Vav7l7mtu9HTkG/VI7WyxPE2OXreVH5eyXhCMJiMx7V+oC+faWqiqK0nbYyMGkkGamk1kznI5V1dC/6s/5zfVjCRJCrGTIwU2d6L649eWLXNsjjYXBcGy+qeZlQexxCRKi2Ujvw3KsuDPtJI7E1tdzxLDFqARA3O/ff749J2TP55m8d0JQh1PZrEG4+HDwHe9aPxgkR5SdeckYZ0J446xdLVrdmuVfwfUEsHCEQcz3iOBAAAdxAAAFBLAQIUABQACAgIACCWokpEHM94jgQAAHcQAAAHAAAAAAAAAAAAAAAAAAAAAAB1c2VyLmpzUEsFBgAAAAABAAEANQAAAMMEAAAAAA==}, appBuildId=20160315153207, version=, platform=XP, proxy={}, specificationLevel=1, acceptSslCerts=false, browserVersion=45.0.1, platformVersion=10.0, XULappId={ec8030f7-c20a-464f-9b0e-13a3a9e97384}, browserName=Firefox, takesScreenshot=true, takesElementScreenshot=true, platformName=Windows_NT, device=desktop}]
Session ID: be0bfa20-125b-442e-87f8-cba8d1012454
	at sun.reflect.NativeConstructorAccessorImpl.newInstance0(Native Method)
	at sun.reflect.NativeConstructorAccessorImpl.newInstance(Unknown Source)
	at sun.reflect.DelegatingConstructorAccessorImpl.newInstance(Unknown Source)
	at java.lang.reflect.Constructor.newInstance(Unknown Source)
	at org.openqa.selenium.remote.http.W3CHttpResponseCodec.createException(W3CHttpResponseCodec.java:127)
	at org.openqa.selenium.remote.http.W3CHttpResponseCodec.decode(W3CHttpResponseCodec.java:93)
	at org.openqa.selenium.remote.http.W3CHttpResponseCodec.decode(W3CHttpResponseCodec.java:42)
	at org.openqa.selenium.remote.HttpCommandExecutor.execute(HttpCommandExecutor.java:163)
	at org.openqa.selenium.remote.service.DriverCommandExecutor.execute(DriverCommandExecutor.java:82)
	at org.openqa.selenium.remote.RemoteWebDriver.execute(RemoteWebDriver.java:601)
	at org.openqa.selenium.remote.RemoteWebElement.execute(RemoteWebElement.java:274)
	at org.openqa.selenium.remote.RemoteWebElement.click(RemoteWebElement.java:84)
	at sun.reflect.NativeMethodAccessorImpl.invoke0(Native Method)
	at sun.reflect.NativeMethodAccessorImpl.invoke(Unknown Source)
	at sun.reflect.DelegatingMethodAccessorImpl.invoke(Unknown Source)
	at java.lang.reflect.Method.invoke(Unknown Source)
	at org.openqa.selenium.support.pagefactory.internal.LocatingElementHandler.invoke(LocatingElementHandler.java:51)
	at com.sun.proxy.$Proxy7.click(Unknown Source)
	at pageObjectLib.promotionCreation.PromotionAndDealForItemAndTransactionLevel.clickOnNext(PromotionAndDealForItemAndTransactionLevel.java:402)
	at pageAction.promotionCreationMethods.CreatePromotionMethods.createPromotions(CreatePromotionMethods.java:64)
	at webTests.promotionCreationTests.buyXGetXDealTests.BuyXGetXDealWithTimePeriodTests.createPromotionForTransactionLevel(BuyXGetXDealWithTimePeriodTests.java:55)
	at sun.reflect.NativeMethodAccessorImpl.invoke0(Native Method)
	at sun.reflect.NativeMethodAccessorImpl.invoke(Unknown Source)
	at sun.reflect.DelegatingMethodAccessorImpl.invoke(Unknown Source)
	at java.lang.reflect.Method.invoke(Unknown Source)
	at org.testng.internal.MethodInvocationHelper.invokeMethod(MethodInvocationHelper.java:104)
	at org.testng.internal.Invoker.invokeMethod(Invoker.java:645)
	at org.testng.internal.Invoker.invokeTestMethod(Invoker.java:851)
	at org.testng.internal.Invoker.invokeTestMethods(Invoker.java:1177)
	at org.testng.internal.TestMethodWorker.invokeTestMethods(TestMethodWorker.java:129)
	at org.testng.internal.TestMethodWorker.run(TestMethodWorker.java:112)
	at org.testng.TestRunner.privateRun(TestRunner.java:756)
	at org.testng.TestRunner.run(TestRunner.java:610)
	at org.testng.SuiteRunner.runTest(SuiteRunner.java:387)
	at org.testng.SuiteRunner.runSequentially(SuiteRunner.java:382)
	at org.testng.SuiteRunner.privateRun(SuiteRunner.java:340)
	at org.testng.SuiteRunner.run(SuiteRunner.java:289)
	at org.testng.SuiteRunnerWorker.runSuite(SuiteRunnerWorker.java:52)
	at org.testng.SuiteRunnerWorker.run(SuiteRunnerWorker.java:86)
	at org.testng.TestNG.runSuitesSequentially(TestNG.java:1293)
	at org.testng.TestNG.runSuitesLocally(TestNG.java:1218)
	at org.testng.TestNG.runSuites(TestNG.java:1133)
	at org.testng.TestNG.run(TestNG.java:1104)
	at org.testng.remote.AbstractRemoteTestNG.run(AbstractRemoteTestNG.java:132)
	at org.testng.remote.RemoteTestNG.initAndRun(RemoteTestNG.java:236)
	at org.testng.remote.RemoteTestNG.main(RemoteTestNG.java:81)
</pre></div></td>
<td>4</td>
<td>webTests.promotionCreationTests.buyXGetXDealTests.BuyXGetXDealWithTimePeriodTests@4facf68f</td></tr>
<tr>
<td title='webTests.promotionCreationTests.buyXGetXDealTests.BuyXGetXDealWithTimePeriodTests.dealCreationForTransactionLevelDiscount()'><b>dealCreationForTransactionLevelDiscount</b><br>Test class: webTests.promotionCreationTests.buyXGetXDealTests.BuyXGetXDealWithTimePeriodTests<br/>
<a href="#Output-1642308093" onClick='toggleBox("Output-1642308093", this, "Show output", "Hide output");'>Show output</a>

<a href="#Output-1642308093" onClick="toggleAllBoxes();">Show all outputs</a>
<div class='log' id="Output-1642308093">
++++++++++++++++++++Creating deal started++++++++++++++++++++<br/>

<br/>
</div>
</td>
<td><div><pre>org.openqa.selenium.NoSuchElementException: Unable to locate element: .//*[@id=&apos;main&apos;]//a[contains(text(),&apos;New Set&apos;)]
For documentation on this error, please visit: http://seleniumhq.org/exceptions/no_such_element.html
Build info: version: &apos;unknown&apos;, revision: &apos;1969d75&apos;, time: &apos;2016-10-18 09:43:45 -0700&apos;
System info: host: &apos;User-PC&apos;, ip: &apos;192.168.179.1&apos;, os.name: &apos;Windows 10&apos;, os.arch: &apos;amd64&apos;, os.version: &apos;10.0&apos;, java.version: &apos;1.8.0_91&apos;
Driver info: org.openqa.selenium.firefox.FirefoxDriver
Capabilities [{rotatable=false, raisesAccessibilityExceptions=false, marionette=true, firefoxOptions={args=[], profile=UEsDBBQACAgIACCWokoAAAAAAAAAAAAAAAAHAAAAdXNlci5qc9VXS2/jNhC+91cUPm2BmEk23cv25CZZoEDQFEmD7MEAQVMjiTFFshzKj3/foR6xHcmSvbc9SaKGj5nvm2+GJYLnzkP6abLwdk1fDEUK1bsyGSuEXgsPDIxYaEgmF7+mQiP89scv5W5mIgLZOOtDnJKD0CGvvxkZrZQcmd/unIN24GfOIYvbbnGGS5ZaL+HkeQZW9EbTUKzgX3uncElzJwE24VLi6kI4p5UUQVlzuZkWCBsJ+mC0O7KZdsdWJmEFNj9UITK4dCZr3t4cZBfVlnkodP3mtFDmYIkC19YnhzsVenLoooFAVkuWh+CYyxXm22n87QTiVIPJQk7+ff7ypT8yHkRCjwQCyADJN+UxzAgmqWNIgy8/ImkLgnzDZe5tARylVy5wXxoeVBGn3Fz1bxTEAhkxxTyaW21xBLDEro22gkIoDAWMOJfb9WsO5pmIFEnUP93RoVzAuBkvbCL0CC1hFazVyMB7IpE1aPU+E7vuo8qMNRS1AooF+OfqE4d9QUAk7DBYShMPWFLcUjool15gfj5xrQPzTVX4/Ly0bR3UytQecVoMvBE6svVs9Ugjb59K0x/NNSwSryh8XEgJxNfSELRIfOcSfMBeqN+pqJB83EJyf331/Lel1IiR/73fmIaSR/OqDBEYr6+Yoo3sy9NDxEosbBm+LrQwy0k3qWqHuNCavyGP8XcxdP1n2zhFfCJbts5VAK0w0AL/lcofo3rk+VIF1shFm1bkXCT7YAC0IGAow4dzCWNilo7lJAuO1uZr0DJKROkjpJMj+L8nemo1CdEDedIlQKSGqXKIlY7YAMwQDun2hUzOLjili/vdD/oCsvQqbIlWGuiNYfBKBm69ypThzhKxt8OJa2BNIsQa5wegPzhovTKLg8/lolCVcPxTDc4q5p5WYHuXGfT4XasaFCOCZHlEy3dJS26uK7J3QbNpSnYwFXW11nbNF1ueQCpKHfrFtQ27RNeQ7cwqQTav7XF65nV5NEjpNmcowUjvg9+yur5U9p/HbE9qaDoeyFgbY6G7s2bE+/uXhxm7YWJHjG5I38RK1DV6sKx9hL9N4mHudn328Fa1EYOb1KkRlx+O0R5aogyxU4vGz5KIF1Xx+uqYyNerckO1ZwWcyqYZkfi93uSRWD16nIW2clmJ7kkgIwgv84ZyY3woWJ1QLCkLdxJo7xxKVFTDye3X+TwqI9aP+TxTYT5/gqjj36su5ImUohqBdmQ+v2tWwQ8gU/qelCwHrLQEg1dJf13pqOtHWb3p73DrFJm2ukJcDeVI69XYHtHMppUd72H3+ges2rdd/0DaWlZFqOvnXuQif/sPsZegti74Vav7l7mtu9HTkG/VI7WyxPE2OXreVH5eyXhCMJiMx7V+oC+faWqiqK0nbYyMGkkGamk1kznI5V1dC/6s/5zfVjCRJCrGTIwU2d6L649eWLXNsjjYXBcGy+qeZlQexxCRKi2Ujvw3KsuDPtJI7E1tdzxLDFqARA3O/ff749J2TP55m8d0JQh1PZrEG4+HDwHe9aPxgkR5SdeckYZ0J446xdLVrdmuVfwfUEsHCEQcz3iOBAAAdxAAAFBLAQIUABQACAgIACCWokpEHM94jgQAAHcQAAAHAAAAAAAAAAAAAAAAAAAAAAB1c2VyLmpzUEsFBgAAAAABAAEANQAAAMMEAAAAAA==}, appBuildId=20160315153207, version=, platform=XP, proxy={}, specificationLevel=1, acceptSslCerts=false, browserVersion=45.0.1, platformVersion=10.0, XULappId={ec8030f7-c20a-464f-9b0e-13a3a9e97384}, browserName=Firefox, takesScreenshot=true, takesElementScreenshot=true, platformName=Windows_NT, device=desktop}]
Session ID: be0bfa20-125b-442e-87f8-cba8d1012454
*** Element info: {Using=xpath, value=.//*[@id=&apos;main&apos;]//a[contains(text(),&apos;New Set&apos;)]}
	at sun.reflect.NativeConstructorAccessorImpl.newInstance0(Native Method)
	at sun.reflect.NativeConstructorAccessorImpl.newInstance(Unknown Source)
	at sun.reflect.DelegatingConstructorAccessorImpl.newInstance(Unknown Source)
	at java.lang.reflect.Constructor.newInstance(Unknown Source)
	at org.openqa.selenium.remote.http.W3CHttpResponseCodec.createException(W3CHttpResponseCodec.java:127)
	at org.openqa.selenium.remote.http.W3CHttpResponseCodec.decode(W3CHttpResponseCodec.java:93)
	at org.openqa.selenium.remote.http.W3CHttpResponseCodec.decode(W3CHttpResponseCodec.java:42)
	at org.openqa.selenium.remote.HttpCommandExecutor.execute(HttpCommandExecutor.java:163)
	at org.openqa.selenium.remote.service.DriverCommandExecutor.execute(DriverCommandExecutor.java:82)
	at org.openqa.selenium.remote.RemoteWebDriver.execute(RemoteWebDriver.java:601)
	at org.openqa.selenium.remote.RemoteWebDriver.findElement(RemoteWebDriver.java:368)
	at org.openqa.selenium.remote.RemoteWebDriver.findElementByXPath(RemoteWebDriver.java:473)
	at org.openqa.selenium.By$ByXPath.findElement(By.java:361)
	at org.openqa.selenium.remote.RemoteWebDriver.findElement(RemoteWebDriver.java:360)
	at org.openqa.selenium.support.pagefactory.DefaultElementLocator.findElement(DefaultElementLocator.java:69)
	at org.openqa.selenium.support.pagefactory.internal.LocatingElementHandler.invoke(LocatingElementHandler.java:38)
	at com.sun.proxy.$Proxy7.click(Unknown Source)
	at pageObjectLib.promotionCreation.PromotionAndDealForItemAndTransactionLevel.clickOnNewSet(PromotionAndDealForItemAndTransactionLevel.java:233)
	at pageAction.promotionCreationMethods.KitBasedDiscountsMethods.KitBasedDiscountWithTimePeriodMethods.creatingDeal(KitBasedDiscountWithTimePeriodMethods.java:71)
	at webTests.promotionCreationTests.buyXGetXDealTests.BuyXGetXDealWithTimePeriodTests.dealCreationForTransactionLevelDiscount(BuyXGetXDealWithTimePeriodTests.java:46)
	at sun.reflect.NativeMethodAccessorImpl.invoke0(Native Method)
	at sun.reflect.NativeMethodAccessorImpl.invoke(Unknown Source)
	at sun.reflect.DelegatingMethodAccessorImpl.invoke(Unknown Source)
	at java.lang.reflect.Method.invoke(Unknown Source)
	at org.testng.internal.MethodInvocationHelper.invokeMethod(MethodInvocationHelper.java:104)
	at org.testng.internal.Invoker.invokeMethod(Invoker.java:645)
	at org.testng.internal.Invoker.invokeTestMethod(Invoker.java:851)
	at org.testng.internal.Invoker.invokeTestMethods(Invoker.java:1177)
	at org.testng.internal.TestMethodWorker.invokeTestMethods(TestMethodWorker.java:129)
	at org.testng.internal.TestMethodWorker.run(TestMethodWorker.java:112)
	at org.testng.TestRunner.privateRun(TestRunner.java:756)
	at org.testng.TestRunner.run(TestRunner.java:610)
	at org.testng.SuiteRunner.runTest(SuiteRunner.java:387)
	at org.testng.SuiteRunner.runSequentially(SuiteRunner.java:382)
	at org.testng.SuiteRunner.privateRun(SuiteRunner.java:340)
	at org.testng.SuiteRunner.run(SuiteRunner.java:289)
	at org.testng.SuiteRunnerWorker.runSuite(SuiteRunnerWorker.java:52)
	at org.testng.SuiteRunnerWorker.run(SuiteRunnerWorker.java:86)
	at org.testng.TestNG.runSuitesSequentially(TestNG.java:1293)
	at org.testng.TestNG.runSuitesLocally(TestNG.java:1218)
	at org.testng.TestNG.runSuites(TestNG.java:1133)
	at org.testng.TestNG.run(TestNG.java:1104)
	at org.testng.remote.AbstractRemoteTestNG.run(AbstractRemoteTestNG.java:132)
	at org.testng.remote.RemoteTestNG.initAndRun(RemoteTestNG.java:236)
	at org.testng.remote.RemoteTestNG.main(RemoteTestNG.java:81)
</pre></div><a href='#' onClick='toggleBox("stack-trace1642308093", this, "Click to show all stack frames", "Click to hide stack frames")'>Click to show all stack frames</a>
<div class='stack-trace' id='stack-trace1642308093'><pre>org.openqa.selenium.NoSuchElementException: Unable to locate element: .//*[@id=&apos;main&apos;]//a[contains(text(),&apos;New Set&apos;)]
For documentation on this error, please visit: http://seleniumhq.org/exceptions/no_such_element.html
Build info: version: &apos;unknown&apos;, revision: &apos;1969d75&apos;, time: &apos;2016-10-18 09:43:45 -0700&apos;
System info: host: &apos;User-PC&apos;, ip: &apos;192.168.179.1&apos;, os.name: &apos;Windows 10&apos;, os.arch: &apos;amd64&apos;, os.version: &apos;10.0&apos;, java.version: &apos;1.8.0_91&apos;
Driver info: org.openqa.selenium.firefox.FirefoxDriver
Capabilities [{rotatable=false, raisesAccessibilityExceptions=false, marionette=true, firefoxOptions={args=[], profile=UEsDBBQACAgIACCWokoAAAAAAAAAAAAAAAAHAAAAdXNlci5qc9VXS2/jNhC+91cUPm2BmEk23cv25CZZoEDQFEmD7MEAQVMjiTFFshzKj3/foR6xHcmSvbc9SaKGj5nvm2+GJYLnzkP6abLwdk1fDEUK1bsyGSuEXgsPDIxYaEgmF7+mQiP89scv5W5mIgLZOOtDnJKD0CGvvxkZrZQcmd/unIN24GfOIYvbbnGGS5ZaL+HkeQZW9EbTUKzgX3uncElzJwE24VLi6kI4p5UUQVlzuZkWCBsJ+mC0O7KZdsdWJmEFNj9UITK4dCZr3t4cZBfVlnkodP3mtFDmYIkC19YnhzsVenLoooFAVkuWh+CYyxXm22n87QTiVIPJQk7+ff7ypT8yHkRCjwQCyADJN+UxzAgmqWNIgy8/ImkLgnzDZe5tARylVy5wXxoeVBGn3Fz1bxTEAhkxxTyaW21xBLDEro22gkIoDAWMOJfb9WsO5pmIFEnUP93RoVzAuBkvbCL0CC1hFazVyMB7IpE1aPU+E7vuo8qMNRS1AooF+OfqE4d9QUAk7DBYShMPWFLcUjool15gfj5xrQPzTVX4/Ly0bR3UytQecVoMvBE6svVs9Ugjb59K0x/NNSwSryh8XEgJxNfSELRIfOcSfMBeqN+pqJB83EJyf331/Lel1IiR/73fmIaSR/OqDBEYr6+Yoo3sy9NDxEosbBm+LrQwy0k3qWqHuNCavyGP8XcxdP1n2zhFfCJbts5VAK0w0AL/lcofo3rk+VIF1shFm1bkXCT7YAC0IGAow4dzCWNilo7lJAuO1uZr0DJKROkjpJMj+L8nemo1CdEDedIlQKSGqXKIlY7YAMwQDun2hUzOLjili/vdD/oCsvQqbIlWGuiNYfBKBm69ypThzhKxt8OJa2BNIsQa5wegPzhovTKLg8/lolCVcPxTDc4q5p5WYHuXGfT4XasaFCOCZHlEy3dJS26uK7J3QbNpSnYwFXW11nbNF1ueQCpKHfrFtQ27RNeQ7cwqQTav7XF65nV5NEjpNmcowUjvg9+yur5U9p/HbE9qaDoeyFgbY6G7s2bE+/uXhxm7YWJHjG5I38RK1DV6sKx9hL9N4mHudn328Fa1EYOb1KkRlx+O0R5aogyxU4vGz5KIF1Xx+uqYyNerckO1ZwWcyqYZkfi93uSRWD16nIW2clmJ7kkgIwgv84ZyY3woWJ1QLCkLdxJo7xxKVFTDye3X+TwqI9aP+TxTYT5/gqjj36su5ImUohqBdmQ+v2tWwQ8gU/qelCwHrLQEg1dJf13pqOtHWb3p73DrFJm2ukJcDeVI69XYHtHMppUd72H3+ges2rdd/0DaWlZFqOvnXuQif/sPsZegti74Vav7l7mtu9HTkG/VI7WyxPE2OXreVH5eyXhCMJiMx7V+oC+faWqiqK0nbYyMGkkGamk1kznI5V1dC/6s/5zfVjCRJCrGTIwU2d6L649eWLXNsjjYXBcGy+qeZlQexxCRKi2Ujvw3KsuDPtJI7E1tdzxLDFqARA3O/ff749J2TP55m8d0JQh1PZrEG4+HDwHe9aPxgkR5SdeckYZ0J446xdLVrdmuVfwfUEsHCEQcz3iOBAAAdxAAAFBLAQIUABQACAgIACCWokpEHM94jgQAAHcQAAAHAAAAAAAAAAAAAAAAAAAAAAB1c2VyLmpzUEsFBgAAAAABAAEANQAAAMMEAAAAAA==}, appBuildId=20160315153207, version=, platform=XP, proxy={}, specificationLevel=1, acceptSslCerts=false, browserVersion=45.0.1, platformVersion=10.0, XULappId={ec8030f7-c20a-464f-9b0e-13a3a9e97384}, browserName=Firefox, takesScreenshot=true, takesElementScreenshot=true, platformName=Windows_NT, device=desktop}]
Session ID: be0bfa20-125b-442e-87f8-cba8d1012454
*** Element info: {Using=xpath, value=.//*[@id=&apos;main&apos;]//a[contains(text(),&apos;New Set&apos;)]}
	at sun.reflect.NativeConstructorAccessorImpl.newInstance0(Native Method)
	at sun.reflect.NativeConstructorAccessorImpl.newInstance(Unknown Source)
	at sun.reflect.DelegatingConstructorAccessorImpl.newInstance(Unknown Source)
	at java.lang.reflect.Constructor.newInstance(Unknown Source)
	at org.openqa.selenium.remote.http.W3CHttpResponseCodec.createException(W3CHttpResponseCodec.java:127)
	at org.openqa.selenium.remote.http.W3CHttpResponseCodec.decode(W3CHttpResponseCodec.java:93)
	at org.openqa.selenium.remote.http.W3CHttpResponseCodec.decode(W3CHttpResponseCodec.java:42)
	at org.openqa.selenium.remote.HttpCommandExecutor.execute(HttpCommandExecutor.java:163)
	at org.openqa.selenium.remote.service.DriverCommandExecutor.execute(DriverCommandExecutor.java:82)
	at org.openqa.selenium.remote.RemoteWebDriver.execute(RemoteWebDriver.java:601)
	at org.openqa.selenium.remote.RemoteWebDriver.findElement(RemoteWebDriver.java:368)
	at org.openqa.selenium.remote.RemoteWebDriver.findElementByXPath(RemoteWebDriver.java:473)
	at org.openqa.selenium.By$ByXPath.findElement(By.java:361)
	at org.openqa.selenium.remote.RemoteWebDriver.findElement(RemoteWebDriver.java:360)
	at org.openqa.selenium.support.pagefactory.DefaultElementLocator.findElement(DefaultElementLocator.java:69)
	at org.openqa.selenium.support.pagefactory.internal.LocatingElementHandler.invoke(LocatingElementHandler.java:38)
	at com.sun.proxy.$Proxy7.click(Unknown Source)
	at pageObjectLib.promotionCreation.PromotionAndDealForItemAndTransactionLevel.clickOnNewSet(PromotionAndDealForItemAndTransactionLevel.java:233)
	at pageAction.promotionCreationMethods.KitBasedDiscountsMethods.KitBasedDiscountWithTimePeriodMethods.creatingDeal(KitBasedDiscountWithTimePeriodMethods.java:71)
	at webTests.promotionCreationTests.buyXGetXDealTests.BuyXGetXDealWithTimePeriodTests.dealCreationForTransactionLevelDiscount(BuyXGetXDealWithTimePeriodTests.java:46)
	at sun.reflect.NativeMethodAccessorImpl.invoke0(Native Method)
	at sun.reflect.NativeMethodAccessorImpl.invoke(Unknown Source)
	at sun.reflect.DelegatingMethodAccessorImpl.invoke(Unknown Source)
	at java.lang.reflect.Method.invoke(Unknown Source)
	at org.testng.internal.MethodInvocationHelper.invokeMethod(MethodInvocationHelper.java:104)
	at org.testng.internal.Invoker.invokeMethod(Invoker.java:645)
	at org.testng.internal.Invoker.invokeTestMethod(Invoker.java:851)
	at org.testng.internal.Invoker.invokeTestMethods(Invoker.java:1177)
	at org.testng.internal.TestMethodWorker.invokeTestMethods(TestMethodWorker.java:129)
	at org.testng.internal.TestMethodWorker.run(TestMethodWorker.java:112)
	at org.testng.TestRunner.privateRun(TestRunner.java:756)
	at org.testng.TestRunner.run(TestRunner.java:610)
	at org.testng.SuiteRunner.runTest(SuiteRunner.java:387)
	at org.testng.SuiteRunner.runSequentially(SuiteRunner.java:382)
	at org.testng.SuiteRunner.privateRun(SuiteRunner.java:340)
	at org.testng.SuiteRunner.run(SuiteRunner.java:289)
	at org.testng.SuiteRunnerWorker.runSuite(SuiteRunnerWorker.java:52)
	at org.testng.SuiteRunnerWorker.run(SuiteRunnerWorker.java:86)
	at org.testng.TestNG.runSuitesSequentially(TestNG.java:1293)
	at org.testng.TestNG.runSuitesLocally(TestNG.java:1218)
	at org.testng.TestNG.runSuites(TestNG.java:1133)
	at org.testng.TestNG.run(TestNG.java:1104)
	at org.testng.remote.AbstractRemoteTestNG.run(AbstractRemoteTestNG.java:132)
	at org.testng.remote.RemoteTestNG.initAndRun(RemoteTestNG.java:236)
	at org.testng.remote.RemoteTestNG.main(RemoteTestNG.java:81)
</pre></div></td>
<td>45</td>
<td>webTests.promotionCreationTests.buyXGetXDealTests.BuyXGetXDealWithTimePeriodTests@4facf68f</td></tr>
</table><p>
</body>
</html>